[ 2016-09-07T17:14:14+08:00 ] 127.0.0.1 /index.php/wap/Index/index.html
INFO: [ app_init ] --START--
INFO: Run Behavior\BuildLiteBehavior [ RunTime:0.000000s ]
INFO: [ app_init ] --END-- [ RunTime:0.000000s ]
INFO: [ app_begin ] --START--
INFO: Run Behavior\ReadHtmlCacheBehavior [ RunTime:0.001000s ]
INFO: [ app_begin ] --END-- [ RunTime:0.001000s ]
NOTIC: [8] Undefined index: fid D:\wamp\www\whwx\whwx\Common\Controller\WapController.class.php 第 23 行.
NOTIC: [8] Undefined variable: fansInfo D:\wamp\www\whwx\whwx\Common\Controller\WapController.class.php 第 26 行.
ERR: 缺少参数appid和appsecret

[ 2016-09-07T17:15:09+08:00 ] 127.0.0.1 /index.php/wap/Index/index.html
INFO: [ app_init ] --START--
INFO: Run Behavior\BuildLiteBehavior [ RunTime:0.000000s ]
INFO: [ app_init ] --END-- [ RunTime:0.000000s ]
INFO: [ app_begin ] --START--
INFO: Run Behavior\ReadHtmlCacheBehavior [ RunTime:0.001000s ]
INFO: [ app_begin ] --END-- [ RunTime:0.002000s ]
NOTIC: [8] Undefined index: fid D:\wamp\www\whwx\whwx\Common\Controller\WapController.class.php 第 23 行.
NOTIC: [8] Undefined variable: fansInfo D:\wamp\www\whwx\whwx\Common\Controller\WapController.class.php 第 26 行.
ERR: 缺少参数appid和appsecret

[ 2016-09-07T17:15:12+08:00 ] 127.0.0.1 /index.php/wap/Index/index.html
INFO: [ app_init ] --START--
INFO: Run Behavior\BuildLiteBehavior [ RunTime:0.000000s ]
INFO: [ app_init ] --END-- [ RunTime:0.001000s ]
INFO: [ app_begin ] --START--
INFO: Run Behavior\ReadHtmlCacheBehavior [ RunTime:0.000000s ]
INFO: [ app_begin ] --END-- [ RunTime:0.001000s ]
NOTIC: [8] Undefined index: fid D:\wamp\www\whwx\whwx\Common\Controller\WapController.class.php 第 23 行.
NOTIC: [8] Undefined variable: fansInfo D:\wamp\www\whwx\whwx\Common\Controller\WapController.class.php 第 26 行.
ERR: 缺少参数appid和appsecret

[ 2016-09-07T17:16:26+08:00 ] 127.0.0.1 /index.php/wap/Index/index.html
INFO: [ app_init ] --START--
INFO: Run Behavior\BuildLiteBehavior [ RunTime:0.000000s ]
INFO: [ app_init ] --END-- [ RunTime:0.000000s ]
INFO: [ app_begin ] --START--
INFO: Run Behavior\ReadHtmlCacheBehavior [ RunTime:0.002000s ]
INFO: [ app_begin ] --END-- [ RunTime:0.002000s ]
NOTIC: [8] Undefined index: fid D:\wamp\www\whwx\whwx\Common\Controller\WapController.class.php 第 23 行.
NOTIC: [8] Undefined variable: fansInfo D:\wamp\www\whwx\whwx\Common\Controller\WapController.class.php 第 26 行.
ERR: 缺少参数appid和appsecret

[ 2016-09-07T17:17:10+08:00 ] 127.0.0.1 /index.php/wap/Index/index.html
INFO: [ app_init ] --START--
INFO: Run Behavior\BuildLiteBehavior [ RunTime:0.000000s ]
INFO: [ app_init ] --END-- [ RunTime:0.001000s ]
INFO: [ app_begin ] --START--
INFO: Run Behavior\ReadHtmlCacheBehavior [ RunTime:0.001000s ]
INFO: [ app_begin ] --END-- [ RunTime:0.001000s ]
NOTIC: [8] Undefined index: fid D:\wamp\www\whwx\whwx\Common\Controller\WapController.class.php 第 23 行.
NOTIC: [8] Undefined variable: fansInfo D:\wamp\www\whwx\whwx\Common\Controller\WapController.class.php 第 26 行.
ERR: 缺少参数appid和appsecret

[ 2016-09-07T17:17:12+08:00 ] 127.0.0.1 /index.php/wap/Index/index.html
INFO: [ app_init ] --START--
INFO: Run Behavior\BuildLiteBehavior [ RunTime:0.000000s ]
INFO: [ app_init ] --END-- [ RunTime:0.002000s ]
INFO: [ app_begin ] --START--
INFO: Run Behavior\ReadHtmlCacheBehavior [ RunTime:0.001000s ]
INFO: [ app_begin ] --END-- [ RunTime:0.001000s ]
NOTIC: [8] Undefined index: fid D:\wamp\www\whwx\whwx\Common\Controller\WapController.class.php 第 23 行.
NOTIC: [8] Undefined variable: fansInfo D:\wamp\www\whwx\whwx\Common\Controller\WapController.class.php 第 26 行.
ERR: 缺少参数appid和appsecret

[ 2016-09-07T17:17:13+08:00 ] 127.0.0.1 /index.php/wap/Index/index.html
INFO: [ app_init ] --START--
INFO: Run Behavior\BuildLiteBehavior [ RunTime:0.000000s ]
INFO: [ app_init ] --END-- [ RunTime:0.000000s ]
INFO: [ app_begin ] --START--
INFO: Run Behavior\ReadHtmlCacheBehavior [ RunTime:0.000000s ]
INFO: [ app_begin ] --END-- [ RunTime:0.001000s ]
NOTIC: [8] Undefined index: fid D:\wamp\www\whwx\whwx\Common\Controller\WapController.class.php 第 23 行.
NOTIC: [8] Undefined variable: fansInfo D:\wamp\www\whwx\whwx\Common\Controller\WapController.class.php 第 26 行.
ERR: 缺少参数appid和appsecret

[ 2016-09-07T17:17:13+08:00 ] 127.0.0.1 /index.php/wap/Index/index.html
INFO: [ app_init ] --START--
INFO: Run Behavior\BuildLiteBehavior [ RunTime:0.000000s ]
INFO: [ app_init ] --END-- [ RunTime:0.001000s ]
INFO: [ app_begin ] --START--
INFO: Run Behavior\ReadHtmlCacheBehavior [ RunTime:0.000000s ]
INFO: [ app_begin ] --END-- [ RunTime:0.000000s ]
NOTIC: [8] Undefined index: fid D:\wamp\www\whwx\whwx\Common\Controller\WapController.class.php 第 23 行.
NOTIC: [8] Undefined variable: fansInfo D:\wamp\www\whwx\whwx\Common\Controller\WapController.class.php 第 26 行.
ERR: 缺少参数appid和appsecret

[ 2016-09-07T17:17:17+08:00 ] 127.0.0.1 /index.php/wap/Index/index.html
INFO: [ app_init ] --START--
INFO: Run Behavior\BuildLiteBehavior [ RunTime:0.000000s ]
INFO: [ app_init ] --END-- [ RunTime:0.001000s ]
INFO: [ app_begin ] --START--
INFO: Run Behavior\ReadHtmlCacheBehavior [ RunTime:0.000000s ]
INFO: [ app_begin ] --END-- [ RunTime:0.001000s ]

[ 2016-09-07T17:17:29+08:00 ] 127.0.0.1 /index.php/wap/Index/index.html
INFO: [ app_init ] --START--
INFO: Run Behavior\BuildLiteBehavior [ RunTime:0.000000s ]
INFO: [ app_init ] --END-- [ RunTime:0.001000s ]
INFO: [ app_begin ] --START--
INFO: Run Behavior\ReadHtmlCacheBehavior [ RunTime:0.000000s ]
INFO: [ app_begin ] --END-- [ RunTime:0.001000s ]
NOTIC: [8] Undefined index: fid D:\wamp\www\whwx\whwx\Common\Controller\WapController.class.php 第 23 行.
NOTIC: [8] Undefined variable: fansInfo D:\wamp\www\whwx\whwx\Common\Controller\WapController.class.php 第 26 行.
ERR: 缺少参数appid和appsecret

[ 2016-09-07T17:20:17+08:00 ] 127.0.0.1 /index.php/wap/Index/index.html
INFO: [ app_init ] --START--
INFO: Run Behavior\BuildLiteBehavior [ RunTime:0.000000s ]
INFO: [ app_init ] --END-- [ RunTime:0.002000s ]
INFO: [ app_begin ] --START--
INFO: Run Behavior\ReadHtmlCacheBehavior [ RunTime:0.000000s ]
INFO: [ app_begin ] --END-- [ RunTime:0.001000s ]
NOTIC: [8] Undefined index: fid D:\wamp\www\whwx\whwx\Common\Controller\WapController.class.php 第 23 行.
NOTIC: [8] Undefined variable: fansInfo D:\wamp\www\whwx\whwx\Common\Controller\WapController.class.php 第 26 行.
ERR: 缺少参数appid和appsecret

[ 2016-09-07T17:20:19+08:00 ] 127.0.0.1 /index.php/wap/Index/index.html
INFO: [ app_init ] --START--
INFO: Run Behavior\BuildLiteBehavior [ RunTime:0.000000s ]
INFO: [ app_init ] --END-- [ RunTime:0.000000s ]
INFO: [ app_begin ] --START--
INFO: Run Behavior\ReadHtmlCacheBehavior [ RunTime:0.001000s ]
INFO: [ app_begin ] --END-- [ RunTime:0.001000s ]
NOTIC: [8] Undefined index: fid D:\wamp\www\whwx\whwx\Common\Controller\WapController.class.php 第 23 行.
NOTIC: [8] Undefined variable: fansInfo D:\wamp\www\whwx\whwx\Common\Controller\WapController.class.php 第 26 行.
ERR: 缺少参数appid和appsecret

[ 2016-09-07T17:20:19+08:00 ] 127.0.0.1 /index.php/wap/Index/index.html
INFO: [ app_init ] --START--
INFO: Run Behavior\BuildLiteBehavior [ RunTime:0.000000s ]
INFO: [ app_init ] --END-- [ RunTime:0.001000s ]
INFO: [ app_begin ] --START--
INFO: Run Behavior\ReadHtmlCacheBehavior [ RunTime:0.002000s ]
INFO: [ app_begin ] --END-- [ RunTime:0.003000s ]
NOTIC: [8] Undefined index: fid D:\wamp\www\whwx\whwx\Common\Controller\WapController.class.php 第 23 行.
NOTIC: [8] Undefined variable: fansInfo D:\wamp\www\whwx\whwx\Common\Controller\WapController.class.php 第 26 行.
ERR: 缺少参数appid和appsecret

[ 2016-09-07T17:20:20+08:00 ] 127.0.0.1 /index.php/wap/Index/index.html
INFO: [ app_init ] --START--
INFO: Run Behavior\BuildLiteBehavior [ RunTime:0.000000s ]
INFO: [ app_init ] --END-- [ RunTime:0.000000s ]
INFO: [ app_begin ] --START--
INFO: Run Behavior\ReadHtmlCacheBehavior [ RunTime:0.000000s ]
INFO: [ app_begin ] --END-- [ RunTime:0.000000s ]
NOTIC: [8] Undefined index: fid D:\wamp\www\whwx\whwx\Common\Controller\WapController.class.php 第 23 行.
NOTIC: [8] Undefined variable: fansInfo D:\wamp\www\whwx\whwx\Common\Controller\WapController.class.php 第 26 行.
ERR: 缺少参数appid和appsecret

[ 2016-09-07T17:20:20+08:00 ] 127.0.0.1 /index.php/wap/Index/index.html
INFO: [ app_init ] --START--
INFO: Run Behavior\BuildLiteBehavior [ RunTime:0.000000s ]
INFO: [ app_init ] --END-- [ RunTime:0.001000s ]
INFO: [ app_begin ] --START--
INFO: Run Behavior\ReadHtmlCacheBehavior [ RunTime:0.001000s ]
INFO: [ app_begin ] --END-- [ RunTime:0.001000s ]
NOTIC: [8] Undefined index: fid D:\wamp\www\whwx\whwx\Common\Controller\WapController.class.php 第 23 行.
NOTIC: [8] Undefined variable: fansInfo D:\wamp\www\whwx\whwx\Common\Controller\WapController.class.php 第 26 行.
ERR: 缺少参数appid和appsecret

[ 2016-09-07T17:20:20+08:00 ] 127.0.0.1 /index.php/wap/Index/index.html
INFO: [ app_init ] --START--
INFO: Run Behavior\BuildLiteBehavior [ RunTime:0.000000s ]
INFO: [ app_init ] --END-- [ RunTime:0.000000s ]
INFO: [ app_begin ] --START--
INFO: Run Behavior\ReadHtmlCacheBehavior [ RunTime:0.000000s ]
INFO: [ app_begin ] --END-- [ RunTime:0.000000s ]
NOTIC: [8] Undefined index: fid D:\wamp\www\whwx\whwx\Common\Controller\WapController.class.php 第 23 行.
NOTIC: [8] Undefined variable: fansInfo D:\wamp\www\whwx\whwx\Common\Controller\WapController.class.php 第 26 行.
ERR: 缺少参数appid和appsecret

[ 2016-09-07T17:23:55+08:00 ] 127.0.0.1 /index.php/wap/Index/index.html
INFO: [ app_init ] --START--
INFO: Run Behavior\BuildLiteBehavior [ RunTime:0.000000s ]
INFO: [ app_init ] --END-- [ RunTime:0.001000s ]
INFO: [ app_begin ] --START--
INFO: Run Behavior\ReadHtmlCacheBehavior [ RunTime:0.002000s ]
INFO: [ app_begin ] --END-- [ RunTime:0.003000s ]
NOTIC: [8] Undefined index: fid D:\wamp\www\whwx\whwx\Common\Controller\WapController.class.php 第 23 行.
NOTIC: [8] Undefined variable: fansInfo D:\wamp\www\whwx\whwx\Common\Controller\WapController.class.php 第 26 行.
ERR: 缺少参数appid和appsecret

[ 2016-09-07T17:28:32+08:00 ] 127.0.0.1 /index.php/wap/Index/index.html
INFO: [ app_init ] --START--
INFO: Run Behavior\BuildLiteBehavior [ RunTime:0.000000s ]
INFO: [ app_init ] --END-- [ RunTime:0.001000s ]
INFO: [ app_begin ] --START--
INFO: Run Behavior\ReadHtmlCacheBehavior [ RunTime:0.000000s ]
INFO: [ app_begin ] --END-- [ RunTime:0.000000s ]
NOTIC: [8] Undefined index: fid D:\wamp\www\whwx\whwx\Common\Controller\WapController.class.php 第 23 行.
NOTIC: [8] Undefined variable: fansInfo D:\wamp\www\whwx\whwx\Common\Controller\WapController.class.php 第 26 行.

[ 2016-09-07T17:28:48+08:00 ] 127.0.0.1 /index.php/wap
INFO: [ app_init ] --START--
INFO: Run Behavior\BuildLiteBehavior [ RunTime:0.000000s ]
INFO: [ app_init ] --END-- [ RunTime:0.001000s ]
INFO: [ app_begin ] --START--
INFO: Run Behavior\ReadHtmlCacheBehavior [ RunTime:0.002000s ]
INFO: [ app_begin ] --END-- [ RunTime:0.002000s ]
NOTIC: [8] Undefined index: fid D:\wamp\www\whwx\whwx\Common\Controller\WapController.class.php 第 23 行.
NOTIC: [8] Undefined variable: fansInfo D:\wamp\www\whwx\whwx\Common\Controller\WapController.class.php 第 26 行.
ERR: 缺少参数appid和appsecret

[ 2016-09-07T17:28:50+08:00 ] 127.0.0.1 /index.php/wap
INFO: [ app_init ] --START--
INFO: Run Behavior\BuildLiteBehavior [ RunTime:0.000000s ]
INFO: [ app_init ] --END-- [ RunTime:0.001001s ]
INFO: [ app_begin ] --START--
INFO: Run Behavior\ReadHtmlCacheBehavior [ RunTime:0.001000s ]
INFO: [ app_begin ] --END-- [ RunTime:0.001000s ]
NOTIC: [8] Undefined index: fid D:\wamp\www\whwx\whwx\Common\Controller\WapController.class.php 第 23 行.
NOTIC: [8] Undefined variable: fansInfo D:\wamp\www\whwx\whwx\Common\Controller\WapController.class.php 第 26 行.
ERR: 缺少参数appid和appsecret

[ 2016-09-07T17:29:00+08:00 ] 127.0.0.1 /index.php/wap/Index/index.html
INFO: [ app_init ] --START--
INFO: Run Behavior\BuildLiteBehavior [ RunTime:0.000000s ]
INFO: [ app_init ] --END-- [ RunTime:0.000000s ]
INFO: [ app_begin ] --START--
INFO: Run Behavior\ReadHtmlCacheBehavior [ RunTime:0.001000s ]
INFO: [ app_begin ] --END-- [ RunTime:0.003000s ]
NOTIC: [8] Undefined index: fid D:\wamp\www\whwx\whwx\Common\Controller\WapController.class.php 第 23 行.
NOTIC: [8] Undefined variable: fansInfo D:\wamp\www\whwx\whwx\Common\Controller\WapController.class.php 第 26 行.
ERR: 缺少参数appid和appsecret

[ 2016-09-07T17:29:12+08:00 ] 127.0.0.1 /index.php/wap/Index/index.html
INFO: [ app_init ] --START--
INFO: Run Behavior\BuildLiteBehavior [ RunTime:0.000000s ]
INFO: [ app_init ] --END-- [ RunTime:0.001000s ]
INFO: [ app_begin ] --START--
INFO: Run Behavior\ReadHtmlCacheBehavior [ RunTime:0.002000s ]
INFO: [ app_begin ] --END-- [ RunTime:0.002000s ]
NOTIC: [8] Undefined index: fid D:\wamp\www\whwx\whwx\Common\Controller\WapController.class.php 第 23 行.
NOTIC: [8] Undefined variable: fansInfo D:\wamp\www\whwx\whwx\Common\Controller\WapController.class.php 第 26 行.
ERR: 缺少参数appid和appsecret

[ 2016-09-07T17:29:19+08:00 ] 127.0.0.1 /index.php/Wap/Index/index.html
INFO: [ app_init ] --START--
INFO: Run Behavior\BuildLiteBehavior [ RunTime:0.000000s ]
INFO: [ app_init ] --END-- [ RunTime:0.001000s ]
INFO: [ app_begin ] --START--
INFO: Run Behavior\ReadHtmlCacheBehavior [ RunTime:0.000000s ]
INFO: [ app_begin ] --END-- [ RunTime:0.001000s ]
NOTIC: [8] Undefined index: fid D:\wamp\www\whwx\whwx\Common\Controller\WapController.class.php 第 23 行.
NOTIC: [8] Undefined variable: fansInfo D:\wamp\www\whwx\whwx\Common\Controller\WapController.class.php 第 26 行.
ERR: 缺少参数appid和appsecret

[ 2016-09-07T17:29:44+08:00 ] 127.0.0.1 /index.php/Wap/Index/index.html
INFO: [ app_init ] --START--
INFO: Run Behavior\BuildLiteBehavior [ RunTime:0.001000s ]
INFO: [ app_init ] --END-- [ RunTime:0.001000s ]
INFO: [ app_begin ] --START--
INFO: Run Behavior\ReadHtmlCacheBehavior [ RunTime:0.000000s ]
INFO: [ app_begin ] --END-- [ RunTime:0.000000s ]
NOTIC: [8] Undefined index: fid D:\wamp\www\whwx\whwx\Common\Controller\WapController.class.php 第 23 行.
NOTIC: [8] Undefined variable: fansInfo D:\wamp\www\whwx\whwx\Common\Controller\WapController.class.php 第 26 行.
ERR: 缺少参数appid和appsecret

[ 2016-09-07T17:29:45+08:00 ] 127.0.0.1 /index.php/Wap/Index/index.html
INFO: [ app_init ] --START--
INFO: Run Behavior\BuildLiteBehavior [ RunTime:0.001000s ]
INFO: [ app_init ] --END-- [ RunTime:0.001000s ]
INFO: [ app_begin ] --START--
INFO: Run Behavior\ReadHtmlCacheBehavior [ RunTime:0.001000s ]
INFO: [ app_begin ] --END-- [ RunTime:0.001000s ]
NOTIC: [8] Undefined index: fid D:\wamp\www\whwx\whwx\Common\Controller\WapController.class.php 第 23 行.
NOTIC: [8] Undefined variable: fansInfo D:\wamp\www\whwx\whwx\Common\Controller\WapController.class.php 第 26 行.
ERR: 缺少参数appid和appsecret

[ 2016-09-07T17:29:46+08:00 ] 127.0.0.1 /index.php/Wap/Index/index.html
INFO: [ app_init ] --START--
INFO: Run Behavior\BuildLiteBehavior [ RunTime:0.000000s ]
INFO: [ app_init ] --END-- [ RunTime:0.000000s ]
INFO: [ app_begin ] --START--
INFO: Run Behavior\ReadHtmlCacheBehavior [ RunTime:0.000000s ]
INFO: [ app_begin ] --END-- [ RunTime:0.000000s ]
NOTIC: [8] Undefined index: fid D:\wamp\www\whwx\whwx\Common\Controller\WapController.class.php 第 23 行.
NOTIC: [8] Undefined variable: fansInfo D:\wamp\www\whwx\whwx\Common\Controller\WapController.class.php 第 26 行.
ERR: 缺少参数appid和appsecret

[ 2016-09-07T17:29:46+08:00 ] 127.0.0.1 /index.php/Wap/Index/index.html
INFO: [ app_init ] --START--
INFO: Run Behavior\BuildLiteBehavior [ RunTime:0.000000s ]
INFO: [ app_init ] --END-- [ RunTime:0.000000s ]
INFO: [ app_begin ] --START--
INFO: Run Behavior\ReadHtmlCacheBehavior [ RunTime:0.001000s ]
INFO: [ app_begin ] --END-- [ RunTime:0.001000s ]
NOTIC: [8] Undefined index: fid D:\wamp\www\whwx\whwx\Common\Controller\WapController.class.php 第 23 行.
NOTIC: [8] Undefined variable: fansInfo D:\wamp\www\whwx\whwx\Common\Controller\WapController.class.php 第 26 行.
ERR: 缺少参数appid和appsecret

[ 2016-09-07T17:29:48+08:00 ] 127.0.0.1 /index.php/Wap/Index/index.html
INFO: [ app_init ] --START--
INFO: Run Behavior\BuildLiteBehavior [ RunTime:0.000000s ]
INFO: [ app_init ] --END-- [ RunTime:0.000000s ]
INFO: [ app_begin ] --START--
INFO: Run Behavior\ReadHtmlCacheBehavior [ RunTime:0.001000s ]
INFO: [ app_begin ] --END-- [ RunTime:0.001000s ]
NOTIC: [8] Undefined index: fid D:\wamp\www\whwx\whwx\Common\Controller\WapController.class.php 第 23 行.
NOTIC: [8] Undefined variable: fansInfo D:\wamp\www\whwx\whwx\Common\Controller\WapController.class.php 第 26 行.
ERR: 缺少参数appid和appsecret

[ 2016-09-07T17:29:49+08:00 ] 127.0.0.1 /index.php/Wap/Index/index.html
INFO: [ app_init ] --START--
INFO: Run Behavior\BuildLiteBehavior [ RunTime:0.000000s ]
INFO: [ app_init ] --END-- [ RunTime:0.001000s ]
INFO: [ app_begin ] --START--
INFO: Run Behavior\ReadHtmlCacheBehavior [ RunTime:0.001000s ]
INFO: [ app_begin ] --END-- [ RunTime:0.001000s ]
NOTIC: [8] Undefined index: fid D:\wamp\www\whwx\whwx\Common\Controller\WapController.class.php 第 23 行.
NOTIC: [8] Undefined variable: fansInfo D:\wamp\www\whwx\whwx\Common\Controller\WapController.class.php 第 26 行.
ERR: 缺少参数appid和appsecret

[ 2016-09-07T17:29:57+08:00 ] 127.0.0.1 /index.php/Wap/Index/index.html
INFO: [ app_init ] --START--
INFO: Run Behavior\BuildLiteBehavior [ RunTime:0.000000s ]
INFO: [ app_init ] --END-- [ RunTime:0.001000s ]
INFO: [ app_begin ] --START--
INFO: Run Behavior\ReadHtmlCacheBehavior [ RunTime:0.001000s ]
INFO: [ app_begin ] --END-- [ RunTime:0.001000s ]
NOTIC: [8] Undefined index: fid D:\wamp\www\whwx\whwx\Common\Controller\WapController.class.php 第 23 行.
NOTIC: [8] Undefined variable: fansInfo D:\wamp\www\whwx\whwx\Common\Controller\WapController.class.php 第 26 行.
ERR: 缺少参数appid和appsecret

[ 2016-09-07T17:30:58+08:00 ] 127.0.0.1 /index.php/Wap/Index/index.html
INFO: [ app_init ] --START--
INFO: Run Behavior\BuildLiteBehavior [ RunTime:0.000000s ]
INFO: [ app_init ] --END-- [ RunTime:0.002000s ]
INFO: [ app_begin ] --START--
INFO: Run Behavior\ReadHtmlCacheBehavior [ RunTime:0.001000s ]
INFO: [ app_begin ] --END-- [ RunTime:0.001000s ]
NOTIC: [8] Undefined index: fid D:\wamp\www\whwx\whwx\Common\Controller\WapController.class.php 第 23 行.
NOTIC: [8] Undefined variable: fansInfo D:\wamp\www\whwx\whwx\Common\Controller\WapController.class.php 第 26 行.
ERR: 缺少参数appid和appsecret

[ 2016-09-07T17:32:27+08:00 ] 127.0.0.1 /index.php/Wap/Index/index.html
INFO: [ app_init ] --START--
INFO: Run Behavior\BuildLiteBehavior [ RunTime:0.000000s ]
INFO: [ app_init ] --END-- [ RunTime:0.001000s ]
INFO: [ app_begin ] --START--
INFO: Run Behavior\ReadHtmlCacheBehavior [ RunTime:0.000000s ]
INFO: [ app_begin ] --END-- [ RunTime:0.002000s ]
NOTIC: [8] Undefined index: fid D:\wamp\www\whwx\whwx\Common\Controller\WapController.class.php 第 23 行.
NOTIC: [8] Undefined variable: fansInfo D:\wamp\www\whwx\whwx\Common\Controller\WapController.class.php 第 26 行.
ERR: 缺少参数appid和appsecret

[ 2016-09-07T17:32:32+08:00 ] 127.0.0.1 /index.php/Wap/Index/index.html
INFO: [ app_init ] --START--
INFO: Run Behavior\BuildLiteBehavior [ RunTime:0.000000s ]
INFO: [ app_init ] --END-- [ RunTime:0.001000s ]
INFO: [ app_begin ] --START--
INFO: Run Behavior\ReadHtmlCacheBehavior [ RunTime:0.001000s ]
INFO: [ app_begin ] --END-- [ RunTime:0.001000s ]
NOTIC: [8] Undefined index: fid D:\wamp\www\whwx\whwx\Common\Controller\WapController.class.php 第 23 行.
NOTIC: [8] Undefined variable: fansInfo D:\wamp\www\whwx\whwx\Common\Controller\WapController.class.php 第 26 行.
ERR: 缺少参数appid和appsecret

[ 2016-09-07T17:32:33+08:00 ] 127.0.0.1 /index.php/Wap/Index/index.html
INFO: [ app_init ] --START--
INFO: Run Behavior\BuildLiteBehavior [ RunTime:0.001000s ]
INFO: [ app_init ] --END-- [ RunTime:0.001000s ]
INFO: [ app_begin ] --START--
INFO: Run Behavior\ReadHtmlCacheBehavior [ RunTime:0.000000s ]
INFO: [ app_begin ] --END-- [ RunTime:0.000000s ]
NOTIC: [8] Undefined index: fid D:\wamp\www\whwx\whwx\Common\Controller\WapController.class.php 第 23 行.
NOTIC: [8] Undefined variable: fansInfo D:\wamp\www\whwx\whwx\Common\Controller\WapController.class.php 第 26 行.
ERR: 缺少参数appid和appsecret

[ 2016-09-07T17:32:34+08:00 ] 127.0.0.1 /index.php/Wap/Index/index.html
INFO: [ app_init ] --START--
INFO: Run Behavior\BuildLiteBehavior [ RunTime:0.000000s ]
INFO: [ app_init ] --END-- [ RunTime:0.001000s ]
INFO: [ app_begin ] --START--
INFO: Run Behavior\ReadHtmlCacheBehavior [ RunTime:0.000000s ]
INFO: [ app_begin ] --END-- [ RunTime:0.000000s ]
NOTIC: [8] Undefined index: fid D:\wamp\www\whwx\whwx\Common\Controller\WapController.class.php 第 23 行.
NOTIC: [8] Undefined variable: fansInfo D:\wamp\www\whwx\whwx\Common\Controller\WapController.class.php 第 26 行.
ERR: 缺少参数appid和appsecret

[ 2016-09-07T17:32:35+08:00 ] 127.0.0.1 /index.php/Wap/Index/index.html
INFO: [ app_init ] --START--
INFO: Run Behavior\BuildLiteBehavior [ RunTime:0.000000s ]
INFO: [ app_init ] --END-- [ RunTime:0.000000s ]
INFO: [ app_begin ] --START--
INFO: Run Behavior\ReadHtmlCacheBehavior [ RunTime:0.001000s ]
INFO: [ app_begin ] --END-- [ RunTime:0.001000s ]
NOTIC: [8] Undefined index: fid D:\wamp\www\whwx\whwx\Common\Controller\WapController.class.php 第 23 行.
NOTIC: [8] Undefined variable: fansInfo D:\wamp\www\whwx\whwx\Common\Controller\WapController.class.php 第 26 行.
ERR: 缺少参数appid和appsecret

[ 2016-09-07T17:32:37+08:00 ] 127.0.0.1 /index.php/Wap/Index/index.html
INFO: [ app_init ] --START--
INFO: Run Behavior\BuildLiteBehavior [ RunTime:0.000000s ]
INFO: [ app_init ] --END-- [ RunTime:0.001000s ]
INFO: [ app_begin ] --START--
INFO: Run Behavior\ReadHtmlCacheBehavior [ RunTime:0.001000s ]
INFO: [ app_begin ] --END-- [ RunTime:0.001000s ]
NOTIC: [8] Undefined index: fid D:\wamp\www\whwx\whwx\Common\Controller\WapController.class.php 第 23 行.
NOTIC: [8] Undefined variable: fansInfo D:\wamp\www\whwx\whwx\Common\Controller\WapController.class.php 第 26 行.
ERR: 缺少参数appid和appsecret

[ 2016-09-07T17:36:16+08:00 ] 127.0.0.1 /index.php/Wap/Index/index.html
INFO: [ app_init ] --START--
INFO: Run Behavior\BuildLiteBehavior [ RunTime:0.000000s ]
INFO: [ app_init ] --END-- [ RunTime:0.001000s ]
INFO: [ app_begin ] --START--
INFO: Run Behavior\ReadHtmlCacheBehavior [ RunTime:0.001001s ]
INFO: [ app_begin ] --END-- [ RunTime:0.001001s ]
NOTIC: [8] Undefined index: fid D:\wamp\www\whwx\whwx\Common\Controller\WapController.class.php 第 23 行.
NOTIC: [8] Undefined variable: fansInfo D:\wamp\www\whwx\whwx\Common\Controller\WapController.class.php 第 26 行.
ERR: 缺少参数appid和appsecret

[ 2016-09-07T17:36:18+08:00 ] 127.0.0.1 /index.php/Wap/Index/index.html
INFO: [ app_init ] --START--
INFO: Run Behavior\BuildLiteBehavior [ RunTime:0.000000s ]
INFO: [ app_init ] --END-- [ RunTime:0.001000s ]
INFO: [ app_begin ] --START--
INFO: Run Behavior\ReadHtmlCacheBehavior [ RunTime:0.001000s ]
INFO: [ app_begin ] --END-- [ RunTime:0.001000s ]
NOTIC: [8] Undefined index: fid D:\wamp\www\whwx\whwx\Common\Controller\WapController.class.php 第 23 行.
NOTIC: [8] Undefined variable: fansInfo D:\wamp\www\whwx\whwx\Common\Controller\WapController.class.php 第 26 行.
ERR: 缺少参数appid和appsecret

[ 2016-09-07T17:36:37+08:00 ] 127.0.0.1 /index.php/Wap/Index/index.html
INFO: [ app_init ] --START--
INFO: Run Behavior\BuildLiteBehavior [ RunTime:0.000000s ]
INFO: [ app_init ] --END-- [ RunTime:0.001000s ]
INFO: [ app_begin ] --START--
INFO: Run Behavior\ReadHtmlCacheBehavior [ RunTime:0.001000s ]
INFO: [ app_begin ] --END-- [ RunTime:0.001000s ]
NOTIC: [8] Undefined index: fid D:\wamp\www\whwx\whwx\Common\Controller\WapController.class.php 第 23 行.
NOTIC: [8] Undefined variable: fansInfo D:\wamp\www\whwx\whwx\Common\Controller\WapController.class.php 第 26 行.
ERR: 缺少参数appid和appsecret

[ 2016-09-07T17:36:41+08:00 ] 127.0.0.1 /index.php/Wap/Index/index.html
INFO: [ app_init ] --START--
INFO: Run Behavior\BuildLiteBehavior [ RunTime:0.000000s ]
INFO: [ app_init ] --END-- [ RunTime:0.001000s ]
INFO: [ app_begin ] --START--
INFO: Run Behavior\ReadHtmlCacheBehavior [ RunTime:0.002000s ]
INFO: [ app_begin ] --END-- [ RunTime:0.002000s ]
NOTIC: [8] Undefined index: fid D:\wamp\www\whwx\whwx\Common\Controller\WapController.class.php 第 23 行.
NOTIC: [8] Undefined variable: fansInfo D:\wamp\www\whwx\whwx\Common\Controller\WapController.class.php 第 26 行.
ERR: 缺少参数appid和appsecret

[ 2016-09-07T17:37:28+08:00 ] 127.0.0.1 /index.php/Wap/Index/index.html
INFO: [ app_init ] --START--
INFO: Run Behavior\BuildLiteBehavior [ RunTime:0.000000s ]
INFO: [ app_init ] --END-- [ RunTime:0.001000s ]
INFO: [ app_begin ] --START--
INFO: Run Behavior\ReadHtmlCacheBehavior [ RunTime:0.000000s ]
INFO: [ app_begin ] --END-- [ RunTime:0.001000s ]

[ 2016-09-07T17:38:56+08:00 ] 127.0.0.1 /index.php/Wap/Index/index.html
INFO: [ app_init ] --START--
INFO: Run Behavior\BuildLiteBehavior [ RunTime:0.000000s ]
INFO: [ app_init ] --END-- [ RunTime:0.000000s ]
INFO: [ app_begin ] --START--
INFO: Run Behavior\ReadHtmlCacheBehavior [ RunTime:0.001000s ]
INFO: [ app_begin ] --END-- [ RunTime:0.001000s ]
NOTIC: [8] Undefined index: fid D:\wamp\www\whwx\whwx\Common\Controller\WapController.class.php 第 21 行.
NOTIC: [8] Undefined variable: fansInfo D:\wamp\www\whwx\whwx\Common\Controller\WapController.class.php 第 24 行.
ERR: 缺少参数appid和appsecret

[ 2016-09-07T17:38:58+08:00 ] 127.0.0.1 /index.php/Wap/Index/index.html
INFO: [ app_init ] --START--
INFO: Run Behavior\BuildLiteBehavior [ RunTime:0.000000s ]
INFO: [ app_init ] --END-- [ RunTime:0.001000s ]
INFO: [ app_begin ] --START--
INFO: Run Behavior\ReadHtmlCacheBehavior [ RunTime:0.004001s ]
INFO: [ app_begin ] --END-- [ RunTime:0.004001s ]
NOTIC: [8] Undefined index: fid D:\wamp\www\whwx\whwx\Common\Controller\WapController.class.php 第 21 行.
NOTIC: [8] Undefined variable: fansInfo D:\wamp\www\whwx\whwx\Common\Controller\WapController.class.php 第 24 行.
ERR: 缺少参数appid和appsecret

[ 2016-09-07T17:43:53+08:00 ] ::1 /index.php/Wap/Index/index
INFO: [ app_init ] --START--
INFO: Run Behavior\BuildLiteBehavior [ RunTime:0.000000s ]
INFO: [ app_init ] --END-- [ RunTime:0.002000s ]
INFO: [ app_begin ] --START--
INFO: Run Behavior\ReadHtmlCacheBehavior [ RunTime:0.001000s ]
INFO: [ app_begin ] --END-- [ RunTime:0.001000s ]
NOTIC: [8] Undefined index: fid D:\wamp\www\whwx\whwx\Common\Controller\WapController.class.php 第 21 行.
NOTIC: [8] Undefined variable: fansInfo D:\wamp\www\whwx\whwx\Common\Controller\WapController.class.php 第 24 行.
ERR: 缺少参数appid和appsecret

[ 2016-09-07T17:44:02+08:00 ] ::1 /index.php/Wap/Index/index
INFO: [ app_init ] --START--
INFO: Run Behavior\BuildLiteBehavior [ RunTime:0.000000s ]
INFO: [ app_init ] --END-- [ RunTime:0.001000s ]
INFO: [ app_begin ] --START--
INFO: Run Behavior\ReadHtmlCacheBehavior [ RunTime:0.001000s ]
INFO: [ app_begin ] --END-- [ RunTime:0.001000s ]
NOTIC: [8] Undefined index: fid D:\wamp\www\whwx\whwx\Common\Controller\WapController.class.php 第 21 行.
NOTIC: [8] Undefined variable: fansInfo D:\wamp\www\whwx\whwx\Common\Controller\WapController.class.php 第 24 行.
ERR: 缺少参数appid和appsecret

[ 2016-09-07T17:44:29+08:00 ] ::1 /index.php/Wap/Index/index
INFO: [ app_init ] --START--
INFO: Run Behavior\BuildLiteBehavior [ RunTime:0.000000s ]
INFO: [ app_init ] --END-- [ RunTime:0.001000s ]
INFO: [ app_begin ] --START--
INFO: Run Behavior\ReadHtmlCacheBehavior [ RunTime:0.002000s ]
INFO: [ app_begin ] --END-- [ RunTime:0.002000s ]
NOTIC: [8] Undefined index: fid D:\wamp\www\whwx\whwx\Common\Controller\WapController.class.php 第 21 行.
NOTIC: [8] Undefined variable: fansInfo D:\wamp\www\whwx\whwx\Common\Controller\WapController.class.php 第 24 行.
ERR: 缺少参数appid和appsecret

[ 2016-09-07T17:44:31+08:00 ] ::1 /index.php/Wap/Index/index
INFO: [ app_init ] --START--
INFO: Run Behavior\BuildLiteBehavior [ RunTime:0.000000s ]
INFO: [ app_init ] --END-- [ RunTime:0.001000s ]
INFO: [ app_begin ] --START--
INFO: Run Behavior\ReadHtmlCacheBehavior [ RunTime:0.001001s ]
INFO: [ app_begin ] --END-- [ RunTime:0.001001s ]
NOTIC: [8] Undefined index: fid D:\wamp\www\whwx\whwx\Common\Controller\WapController.class.php 第 21 行.
NOTIC: [8] Undefined variable: fansInfo D:\wamp\www\whwx\whwx\Common\Controller\WapController.class.php 第 24 行.
ERR: 缺少参数appid和appsecret

[ 2016-09-07T17:44:38+08:00 ] ::1 /index.php/Wap
INFO: [ app_init ] --START--
INFO: Run Behavior\BuildLiteBehavior [ RunTime:0.000000s ]
INFO: [ app_init ] --END-- [ RunTime:0.001001s ]
INFO: [ app_begin ] --START--
INFO: Run Behavior\ReadHtmlCacheBehavior [ RunTime:0.001000s ]
INFO: [ app_begin ] --END-- [ RunTime:0.001000s ]
NOTIC: [8] Undefined index: fid D:\wamp\www\whwx\whwx\Common\Controller\WapController.class.php 第 21 行.
NOTIC: [8] Undefined variable: fansInfo D:\wamp\www\whwx\whwx\Common\Controller\WapController.class.php 第 24 行.
ERR: 缺少参数appid和appsecret

[ 2016-09-07T17:45:05+08:00 ] ::1 /index.php/Wap/Index/index
INFO: [ app_init ] --START--
INFO: Run Behavior\BuildLiteBehavior [ RunTime:0.000000s ]
INFO: [ app_init ] --END-- [ RunTime:0.001000s ]
INFO: [ app_begin ] --START--
INFO: Run Behavior\ReadHtmlCacheBehavior [ RunTime:0.001000s ]
INFO: [ app_begin ] --END-- [ RunTime:0.001000s ]
NOTIC: [8] Undefined index: fid D:\wamp\www\whwx\whwx\Common\Controller\WapController.class.php 第 21 行.
NOTIC: [8] Undefined variable: fansInfo D:\wamp\www\whwx\whwx\Common\Controller\WapController.class.php 第 24 行.
ERR: 缺少参数appid和appsecret

[ 2016-09-07T17:45:10+08:00 ] ::1 /index.php/Wap/Index/index.html
INFO: [ app_init ] --START--
INFO: Run Behavior\BuildLiteBehavior [ RunTime:0.000000s ]
INFO: [ app_init ] --END-- [ RunTime:0.000000s ]
INFO: [ app_begin ] --START--
INFO: Run Behavior\ReadHtmlCacheBehavior [ RunTime:0.001000s ]
INFO: [ app_begin ] --END-- [ RunTime:0.001000s ]
NOTIC: [8] Undefined index: fid D:\wamp\www\whwx\whwx\Common\Controller\WapController.class.php 第 21 行.
NOTIC: [8] Undefined variable: fansInfo D:\wamp\www\whwx\whwx\Common\Controller\WapController.class.php 第 24 行.
ERR: 缺少参数appid和appsecret

[ 2016-09-07T17:45:11+08:00 ] ::1 /index.php/Wap/Index/index.html
INFO: [ app_init ] --START--
INFO: Run Behavior\BuildLiteBehavior [ RunTime:0.000000s ]
INFO: [ app_init ] --END-- [ RunTime:0.001000s ]
INFO: [ app_begin ] --START--
INFO: Run Behavior\ReadHtmlCacheBehavior [ RunTime:0.001000s ]
INFO: [ app_begin ] --END-- [ RunTime:0.001000s ]
NOTIC: [8] Undefined index: fid D:\wamp\www\whwx\whwx\Common\Controller\WapController.class.php 第 21 行.
NOTIC: [8] Undefined variable: fansInfo D:\wamp\www\whwx\whwx\Common\Controller\WapController.class.php 第 24 行.
ERR: 缺少参数appid和appsecret

[ 2016-09-07T17:46:40+08:00 ] ::1 /whwx/index.php/Wap/Index/index
INFO: [ app_init ] --START--
INFO: Run Behavior\BuildLiteBehavior [ RunTime:0.000000s ]
INFO: [ app_init ] --END-- [ RunTime:0.000000s ]
INFO: [ app_begin ] --START--
INFO: Run Behavior\ReadHtmlCacheBehavior [ RunTime:0.000000s ]
INFO: [ app_begin ] --END-- [ RunTime:0.000000s ]
NOTIC: [8] Undefined index: fid D:\wamp\www\whwx\whwx\Common\Controller\WapController.class.php 第 21 行.
NOTIC: [8] Undefined variable: fansInfo D:\wamp\www\whwx\whwx\Common\Controller\WapController.class.php 第 24 行.
ERR: 缺少参数appid和appsecret

[ 2016-09-07T17:47:05+08:00 ] ::1 /whwx/index.php/Wap/Index/index
INFO: [ app_init ] --START--
INFO: Run Behavior\BuildLiteBehavior [ RunTime:0.000000s ]
INFO: [ app_init ] --END-- [ RunTime:0.001000s ]
INFO: [ app_begin ] --START--
INFO: Run Behavior\ReadHtmlCacheBehavior [ RunTime:0.001000s ]
INFO: [ app_begin ] --END-- [ RunTime:0.002000s ]

[ 2016-09-07T17:47:34+08:00 ] ::1 /whwx/index.php/Wap/Index/index
INFO: [ app_init ] --START--
INFO: Run Behavior\BuildLiteBehavior [ RunTime:0.000000s ]
INFO: [ app_init ] --END-- [ RunTime:0.001000s ]
INFO: [ app_begin ] --START--
INFO: Run Behavior\ReadHtmlCacheBehavior [ RunTime:0.000000s ]
INFO: [ app_begin ] --END-- [ RunTime:0.001000s ]
NOTIC: [8] Undefined index: fid D:\wamp\www\whwx\whwx\Common\Controller\WapController.class.php 第 21 行.
NOTIC: [8] Undefined variable: fansInfo D:\wamp\www\whwx\whwx\Common\Controller\WapController.class.php 第 24 行.
ERR: 缺少参数appid和appsecret

[ 2016-09-07T17:47:35+08:00 ] ::1 /whwx/index.php/Wap/Index/index
INFO: [ app_init ] --START--
INFO: Run Behavior\BuildLiteBehavior [ RunTime:0.000000s ]
INFO: [ app_init ] --END-- [ RunTime:0.001000s ]
INFO: [ app_begin ] --START--
INFO: Run Behavior\ReadHtmlCacheBehavior [ RunTime:0.000000s ]
INFO: [ app_begin ] --END-- [ RunTime:0.001000s ]
NOTIC: [8] Undefined index: fid D:\wamp\www\whwx\whwx\Common\Controller\WapController.class.php 第 21 行.
NOTIC: [8] Undefined variable: fansInfo D:\wamp\www\whwx\whwx\Common\Controller\WapController.class.php 第 24 行.
ERR: 缺少参数appid和appsecret

[ 2016-09-07T17:47:35+08:00 ] ::1 /whwx/index.php/Wap/Index/index
INFO: [ app_init ] --START--
INFO: Run Behavior\BuildLiteBehavior [ RunTime:0.000000s ]
INFO: [ app_init ] --END-- [ RunTime:0.002000s ]
INFO: [ app_begin ] --START--
INFO: Run Behavior\ReadHtmlCacheBehavior [ RunTime:0.000000s ]
INFO: [ app_begin ] --END-- [ RunTime:0.001000s ]
NOTIC: [8] Undefined index: fid D:\wamp\www\whwx\whwx\Common\Controller\WapController.class.php 第 21 行.
NOTIC: [8] Undefined variable: fansInfo D:\wamp\www\whwx\whwx\Common\Controller\WapController.class.php 第 24 行.
ERR: 缺少参数appid和appsecret

[ 2016-09-07T17:47:35+08:00 ] ::1 /whwx/index.php/Wap/Index/index
INFO: [ app_init ] --START--
INFO: Run Behavior\BuildLiteBehavior [ RunTime:0.000000s ]
INFO: [ app_init ] --END-- [ RunTime:0.001000s ]
INFO: [ app_begin ] --START--
INFO: Run Behavior\ReadHtmlCacheBehavior [ RunTime:0.001000s ]
INFO: [ app_begin ] --END-- [ RunTime:0.001000s ]
NOTIC: [8] Undefined index: fid D:\wamp\www\whwx\whwx\Common\Controller\WapController.class.php 第 21 行.
NOTIC: [8] Undefined variable: fansInfo D:\wamp\www\whwx\whwx\Common\Controller\WapController.class.php 第 24 行.
ERR: 缺少参数appid和appsecret

[ 2016-09-07T17:47:45+08:00 ] ::1 /whwx/index.php/Wap/Index/index
INFO: [ app_init ] --START--
INFO: Run Behavior\BuildLiteBehavior [ RunTime:0.001000s ]
INFO: [ app_init ] --END-- [ RunTime:0.001000s ]
INFO: [ app_begin ] --START--
INFO: Run Behavior\ReadHtmlCacheBehavior [ RunTime:0.001000s ]
INFO: [ app_begin ] --END-- [ RunTime:0.001000s ]

[ 2016-09-07T17:49:30+08:00 ] ::1 /whwx/index.php/Wap/Index/index
INFO: [ app_init ] --START--
INFO: Run Behavior\BuildLiteBehavior [ RunTime:0.000000s ]
INFO: [ app_init ] --END-- [ RunTime:0.001000s ]
INFO: [ app_begin ] --START--
INFO: Run Behavior\ReadHtmlCacheBehavior [ RunTime:0.001000s ]
INFO: [ app_begin ] --END-- [ RunTime:0.001000s ]
NOTIC: [8] Undefined index: fid D:\wamp\www\whwx\whwx\Common\Controller\WapController.class.php 第 21 行.

[ 2016-09-07T17:49:31+08:00 ] ::1 /whwx/index.php/Wap/Index/index
INFO: [ app_init ] --START--
INFO: Run Behavior\BuildLiteBehavior [ RunTime:0.000000s ]
INFO: [ app_init ] --END-- [ RunTime:0.001000s ]
INFO: [ app_begin ] --START--
INFO: Run Behavior\ReadHtmlCacheBehavior [ RunTime:0.001000s ]
INFO: [ app_begin ] --END-- [ RunTime:0.001000s ]
NOTIC: [8] Undefined index: fid D:\wamp\www\whwx\whwx\Common\Controller\WapController.class.php 第 21 行.

[ 2016-09-07T17:49:31+08:00 ] ::1 /whwx/index.php/Wap/Index/index
INFO: [ app_init ] --START--
INFO: Run Behavior\BuildLiteBehavior [ RunTime:0.000000s ]
INFO: [ app_init ] --END-- [ RunTime:0.001000s ]
INFO: [ app_begin ] --START--
INFO: Run Behavior\ReadHtmlCacheBehavior [ RunTime:0.001000s ]
INFO: [ app_begin ] --END-- [ RunTime:0.001000s ]
NOTIC: [8] Undefined index: fid D:\wamp\www\whwx\whwx\Common\Controller\WapController.class.php 第 21 行.

[ 2016-09-07T17:49:37+08:00 ] ::1 /whwx/index.php/Wap/Index/index
INFO: [ app_init ] --START--
INFO: Run Behavior\BuildLiteBehavior [ RunTime:0.000000s ]
INFO: [ app_init ] --END-- [ RunTime:0.000000s ]
INFO: [ app_begin ] --START--
INFO: Run Behavior\ReadHtmlCacheBehavior [ RunTime:0.000000s ]
INFO: [ app_begin ] --END-- [ RunTime:0.001001s ]
NOTIC: [8] Undefined index: fid D:\wamp\www\whwx\whwx\Common\Controller\WapController.class.php 第 21 行.
NOTIC: [8] Undefined variable: fansInfo D:\wamp\www\whwx\whwx\Common\Controller\WapController.class.php 第 25 行.
ERR: 缺少参数appid和appsecret

[ 2016-09-07T17:49:46+08:00 ] ::1 /whwx/index.php/Wap/Index/index
INFO: [ app_init ] --START--
INFO: Run Behavior\BuildLiteBehavior [ RunTime:0.000000s ]
INFO: [ app_init ] --END-- [ RunTime:0.000000s ]
INFO: [ app_begin ] --START--
INFO: Run Behavior\ReadHtmlCacheBehavior [ RunTime:0.001000s ]
INFO: [ app_begin ] --END-- [ RunTime:0.001000s ]
NOTIC: [8] Undefined index: fid D:\wamp\www\whwx\whwx\Common\Controller\WapController.class.php 第 21 行.
NOTIC: [8] Undefined variable: fansInfo D:\wamp\www\whwx\whwx\Common\Controller\WapController.class.php 第 25 行.
ERR: 缺少参数appid和appsecret

[ 2016-09-07T17:49:47+08:00 ] ::1 /whwx/index.php/Wap/Index/index
INFO: [ app_init ] --START--
INFO: Run Behavior\BuildLiteBehavior [ RunTime:0.000000s ]
INFO: [ app_init ] --END-- [ RunTime:0.001000s ]
INFO: [ app_begin ] --START--
INFO: Run Behavior\ReadHtmlCacheBehavior [ RunTime:0.001000s ]
INFO: [ app_begin ] --END-- [ RunTime:0.001000s ]
NOTIC: [8] Undefined index: fid D:\wamp\www\whwx\whwx\Common\Controller\WapController.class.php 第 21 行.
NOTIC: [8] Undefined variable: fansInfo D:\wamp\www\whwx\whwx\Common\Controller\WapController.class.php 第 25 行.
ERR: 缺少参数appid和appsecret

[ 2016-09-07T17:49:47+08:00 ] ::1 /whwx/index.php/Wap/Index/index
INFO: [ app_init ] --START--
INFO: Run Behavior\BuildLiteBehavior [ RunTime:0.000000s ]
INFO: [ app_init ] --END-- [ RunTime:0.001000s ]
INFO: [ app_begin ] --START--
INFO: Run Behavior\ReadHtmlCacheBehavior [ RunTime:0.001000s ]
INFO: [ app_begin ] --END-- [ RunTime:0.001000s ]
NOTIC: [8] Undefined index: fid D:\wamp\www\whwx\whwx\Common\Controller\WapController.class.php 第 21 行.
NOTIC: [8] Undefined variable: fansInfo D:\wamp\www\whwx\whwx\Common\Controller\WapController.class.php 第 25 行.
ERR: 缺少参数appid和appsecret

[ 2016-09-07T17:49:47+08:00 ] ::1 /whwx/index.php/Wap/Index/index
INFO: [ app_init ] --START--
INFO: Run Behavior\BuildLiteBehavior [ RunTime:0.000000s ]
INFO: [ app_init ] --END-- [ RunTime:0.001000s ]
INFO: [ app_begin ] --START--
INFO: Run Behavior\ReadHtmlCacheBehavior [ RunTime:0.001000s ]
INFO: [ app_begin ] --END-- [ RunTime:0.001000s ]
NOTIC: [8] Undefined index: fid D:\wamp\www\whwx\whwx\Common\Controller\WapController.class.php 第 21 行.
NOTIC: [8] Undefined variable: fansInfo D:\wamp\www\whwx\whwx\Common\Controller\WapController.class.php 第 25 行.
ERR: 缺少参数appid和appsecret

[ 2016-09-07T17:49:48+08:00 ] ::1 /whwx/index.php/Wap/Index/index
INFO: [ app_init ] --START--
INFO: Run Behavior\BuildLiteBehavior [ RunTime:0.000000s ]
INFO: [ app_init ] --END-- [ RunTime:0.000000s ]
INFO: [ app_begin ] --START--
INFO: Run Behavior\ReadHtmlCacheBehavior [ RunTime:0.001000s ]
INFO: [ app_begin ] --END-- [ RunTime:0.001000s ]
NOTIC: [8] Undefined index: fid D:\wamp\www\whwx\whwx\Common\Controller\WapController.class.php 第 21 行.
NOTIC: [8] Undefined variable: fansInfo D:\wamp\www\whwx\whwx\Common\Controller\WapController.class.php 第 25 行.
ERR: 缺少参数appid和appsecret

[ 2016-09-07T17:49:48+08:00 ] ::1 /whwx/index.php/Wap/Index/index
INFO: [ app_init ] --START--
INFO: Run Behavior\BuildLiteBehavior [ RunTime:0.000000s ]
INFO: [ app_init ] --END-- [ RunTime:0.001000s ]
INFO: [ app_begin ] --START--
INFO: Run Behavior\ReadHtmlCacheBehavior [ RunTime:0.000000s ]
INFO: [ app_begin ] --END-- [ RunTime:0.001000s ]
NOTIC: [8] Undefined index: fid D:\wamp\www\whwx\whwx\Common\Controller\WapController.class.php 第 21 行.
NOTIC: [8] Undefined variable: fansInfo D:\wamp\www\whwx\whwx\Common\Controller\WapController.class.php 第 25 行.
ERR: 缺少参数appid和appsecret

[ 2016-09-07T17:49:48+08:00 ] ::1 /whwx/index.php/Wap/Index/index
INFO: [ app_init ] --START--
INFO: Run Behavior\BuildLiteBehavior [ RunTime:0.000000s ]
INFO: [ app_init ] --END-- [ RunTime:0.000000s ]
INFO: [ app_begin ] --START--
INFO: Run Behavior\ReadHtmlCacheBehavior [ RunTime:0.001001s ]
INFO: [ app_begin ] --END-- [ RunTime:0.001001s ]
NOTIC: [8] Undefined index: fid D:\wamp\www\whwx\whwx\Common\Controller\WapController.class.php 第 21 行.
NOTIC: [8] Undefined variable: fansInfo D:\wamp\www\whwx\whwx\Common\Controller\WapController.class.php 第 25 行.
ERR: 缺少参数appid和appsecret

[ 2016-09-07T17:49:56+08:00 ] ::1 /whwx/index.php/Wap/Index/index
INFO: [ app_init ] --START--
INFO: Run Behavior\BuildLiteBehavior [ RunTime:0.000000s ]
INFO: [ app_init ] --END-- [ RunTime:0.001000s ]
INFO: [ app_begin ] --START--
INFO: Run Behavior\ReadHtmlCacheBehavior [ RunTime:0.001000s ]
INFO: [ app_begin ] --END-- [ RunTime:0.001000s ]
NOTIC: [8] Undefined index: fid D:\wamp\www\whwx\whwx\Common\Controller\WapController.class.php 第 21 行.
NOTIC: [8] Undefined variable: fansInfo D:\wamp\www\whwx\whwx\Common\Controller\WapController.class.php 第 25 行.
ERR: 缺少参数appid和appsecret

[ 2016-09-07T17:49:57+08:00 ] ::1 /whwx/index.php/Wap/Index/index
INFO: [ app_init ] --START--
INFO: Run Behavior\BuildLiteBehavior [ RunTime:0.000000s ]
INFO: [ app_init ] --END-- [ RunTime:0.000000s ]
INFO: [ app_begin ] --START--
INFO: Run Behavior\ReadHtmlCacheBehavior [ RunTime:0.001000s ]
INFO: [ app_begin ] --END-- [ RunTime:0.001000s ]
NOTIC: [8] Undefined index: fid D:\wamp\www\whwx\whwx\Common\Controller\WapController.class.php 第 21 行.
NOTIC: [8] Undefined variable: fansInfo D:\wamp\www\whwx\whwx\Common\Controller\WapController.class.php 第 25 行.
ERR: 缺少参数appid和appsecret

[ 2016-09-07T17:49:57+08:00 ] ::1 /whwx/index.php/Wap/Index/index
INFO: [ app_init ] --START--
INFO: Run Behavior\BuildLiteBehavior [ RunTime:0.000000s ]
INFO: [ app_init ] --END-- [ RunTime:0.001000s ]
INFO: [ app_begin ] --START--
INFO: Run Behavior\ReadHtmlCacheBehavior [ RunTime:0.001000s ]
INFO: [ app_begin ] --END-- [ RunTime:0.001000s ]
NOTIC: [8] Undefined index: fid D:\wamp\www\whwx\whwx\Common\Controller\WapController.class.php 第 21 行.
NOTIC: [8] Undefined variable: fansInfo D:\wamp\www\whwx\whwx\Common\Controller\WapController.class.php 第 25 行.
ERR: 缺少参数appid和appsecret

[ 2016-09-07T17:49:57+08:00 ] ::1 /whwx/index.php/Wap/Index/index
INFO: [ app_init ] --START--
INFO: Run Behavior\BuildLiteBehavior [ RunTime:0.000000s ]
INFO: [ app_init ] --END-- [ RunTime:0.001000s ]
INFO: [ app_begin ] --START--
INFO: Run Behavior\ReadHtmlCacheBehavior [ RunTime:0.001000s ]
INFO: [ app_begin ] --END-- [ RunTime:0.001000s ]
NOTIC: [8] Undefined index: fid D:\wamp\www\whwx\whwx\Common\Controller\WapController.class.php 第 21 行.
NOTIC: [8] Undefined variable: fansInfo D:\wamp\www\whwx\whwx\Common\Controller\WapController.class.php 第 25 行.
ERR: 缺少参数appid和appsecret

[ 2016-09-07T17:49:57+08:00 ] ::1 /whwx/index.php/Wap/Index/index
INFO: [ app_init ] --START--
INFO: Run Behavior\BuildLiteBehavior [ RunTime:0.000000s ]
INFO: [ app_init ] --END-- [ RunTime:0.000000s ]
INFO: [ app_begin ] --START--
INFO: Run Behavior\ReadHtmlCacheBehavior [ RunTime:0.000000s ]
INFO: [ app_begin ] --END-- [ RunTime:0.000000s ]
NOTIC: [8] Undefined index: fid D:\wamp\www\whwx\whwx\Common\Controller\WapController.class.php 第 21 行.
NOTIC: [8] Undefined variable: fansInfo D:\wamp\www\whwx\whwx\Common\Controller\WapController.class.php 第 25 行.
ERR: 缺少参数appid和appsecret

[ 2016-09-07T17:50:04+08:00 ] ::1 /whwx/index.php/Wap/Index/index
INFO: [ app_init ] --START--
INFO: Run Behavior\BuildLiteBehavior [ RunTime:0.000000s ]
INFO: [ app_init ] --END-- [ RunTime:0.001000s ]
INFO: [ app_begin ] --START--
INFO: Run Behavior\ReadHtmlCacheBehavior [ RunTime:0.001000s ]
INFO: [ app_begin ] --END-- [ RunTime:0.001000s ]
NOTIC: [8] Undefined index: fid D:\wamp\www\whwx\whwx\Common\Controller\WapController.class.php 第 21 行.
NOTIC: [8] Undefined variable: fansInfo D:\wamp\www\whwx\whwx\Common\Controller\WapController.class.php 第 25 行.

[ 2016-09-07T17:51:00+08:00 ] ::1 /whwx/index.php/Wap/Index/index
INFO: [ app_init ] --START--
INFO: Run Behavior\BuildLiteBehavior [ RunTime:0.000000s ]
INFO: [ app_init ] --END-- [ RunTime:0.001000s ]
INFO: [ app_begin ] --START--
INFO: Run Behavior\ReadHtmlCacheBehavior [ RunTime:0.001000s ]
INFO: [ app_begin ] --END-- [ RunTime:0.001000s ]
NOTIC: [8] Undefined index: fid D:\wamp\www\whwx\whwx\Common\Controller\WapController.class.php 第 21 行.
NOTIC: [8] Undefined variable: fansInfo D:\wamp\www\whwx\whwx\Common\Controller\WapController.class.php 第 25 行.

[ 2016-09-07T17:51:00+08:00 ] ::1 /whwx/index.php/Wap/Index/index
INFO: [ app_init ] --START--
INFO: Run Behavior\BuildLiteBehavior [ RunTime:0.000000s ]
INFO: [ app_init ] --END-- [ RunTime:0.001001s ]
INFO: [ app_begin ] --START--
INFO: Run Behavior\ReadHtmlCacheBehavior [ RunTime:0.000000s ]
INFO: [ app_begin ] --END-- [ RunTime:0.001000s ]
NOTIC: [8] Undefined index: fid D:\wamp\www\whwx\whwx\Common\Controller\WapController.class.php 第 21 行.
NOTIC: [8] Undefined variable: fansInfo D:\wamp\www\whwx\whwx\Common\Controller\WapController.class.php 第 25 行.

[ 2016-09-07T17:51:00+08:00 ] ::1 /whwx/index.php/Wap/Index/index
INFO: [ app_init ] --START--
INFO: Run Behavior\BuildLiteBehavior [ RunTime:0.000000s ]
INFO: [ app_init ] --END-- [ RunTime:0.000000s ]
INFO: [ app_begin ] --START--
INFO: Run Behavior\ReadHtmlCacheBehavior [ RunTime:0.000000s ]
INFO: [ app_begin ] --END-- [ RunTime:0.000000s ]
NOTIC: [8] Undefined index: fid D:\wamp\www\whwx\whwx\Common\Controller\WapController.class.php 第 21 行.
NOTIC: [8] Undefined variable: fansInfo D:\wamp\www\whwx\whwx\Common\Controller\WapController.class.php 第 25 行.

[ 2016-09-07T17:51:00+08:00 ] ::1 /whwx/index.php/Wap/Index/index
INFO: [ app_init ] --START--
INFO: Run Behavior\BuildLiteBehavior [ RunTime:0.000000s ]
INFO: [ app_init ] --END-- [ RunTime:0.001000s ]
INFO: [ app_begin ] --START--
INFO: Run Behavior\ReadHtmlCacheBehavior [ RunTime:0.001000s ]
INFO: [ app_begin ] --END-- [ RunTime:0.001000s ]
NOTIC: [8] Undefined index: fid D:\wamp\www\whwx\whwx\Common\Controller\WapController.class.php 第 21 行.
NOTIC: [8] Undefined variable: fansInfo D:\wamp\www\whwx\whwx\Common\Controller\WapController.class.php 第 25 行.

[ 2016-09-07T17:51:01+08:00 ] ::1 /whwx/index.php/Wap/Index/index
INFO: [ app_init ] --START--
INFO: Run Behavior\BuildLiteBehavior [ RunTime:0.000000s ]
INFO: [ app_init ] --END-- [ RunTime:0.001000s ]
INFO: [ app_begin ] --START--
INFO: Run Behavior\ReadHtmlCacheBehavior [ RunTime:0.002000s ]
INFO: [ app_begin ] --END-- [ RunTime:0.002000s ]
NOTIC: [8] Undefined index: fid D:\wamp\www\whwx\whwx\Common\Controller\WapController.class.php 第 21 行.
NOTIC: [8] Undefined variable: fansInfo D:\wamp\www\whwx\whwx\Common\Controller\WapController.class.php 第 25 行.

[ 2016-09-07T17:51:01+08:00 ] ::1 /whwx/index.php/Wap/Index/index
INFO: [ app_init ] --START--
INFO: Run Behavior\BuildLiteBehavior [ RunTime:0.001000s ]
INFO: [ app_init ] --END-- [ RunTime:0.001000s ]
INFO: [ app_begin ] --START--
INFO: Run Behavior\ReadHtmlCacheBehavior [ RunTime:0.000000s ]
INFO: [ app_begin ] --END-- [ RunTime:0.001000s ]
NOTIC: [8] Undefined index: fid D:\wamp\www\whwx\whwx\Common\Controller\WapController.class.php 第 21 行.
NOTIC: [8] Undefined variable: fansInfo D:\wamp\www\whwx\whwx\Common\Controller\WapController.class.php 第 25 行.

[ 2016-09-07T17:51:15+08:00 ] ::1 /whwx/index.php/Wap/Index/index
INFO: [ app_init ] --START--
INFO: Run Behavior\BuildLiteBehavior [ RunTime:0.000000s ]
INFO: [ app_init ] --END-- [ RunTime:0.000000s ]
INFO: [ app_begin ] --START--
INFO: Run Behavior\ReadHtmlCacheBehavior [ RunTime:0.000000s ]
INFO: [ app_begin ] --END-- [ RunTime:0.001000s ]
NOTIC: [8] Undefined index: fid D:\wamp\www\whwx\whwx\Common\Controller\WapController.class.php 第 21 行.
NOTIC: [8] Undefined variable: fansInfo D:\wamp\www\whwx\whwx\Common\Controller\WapController.class.php 第 25 行.
ERR: 缺少参数appid和appsecret

[ 2016-09-07T17:51:16+08:00 ] ::1 /whwx/index.php/Wap/Index/index
INFO: [ app_init ] --START--
INFO: Run Behavior\BuildLiteBehavior [ RunTime:0.000000s ]
INFO: [ app_init ] --END-- [ RunTime:0.001000s ]
INFO: [ app_begin ] --START--
INFO: Run Behavior\ReadHtmlCacheBehavior [ RunTime:0.001000s ]
INFO: [ app_begin ] --END-- [ RunTime:0.001000s ]
NOTIC: [8] Undefined index: fid D:\wamp\www\whwx\whwx\Common\Controller\WapController.class.php 第 21 行.
NOTIC: [8] Undefined variable: fansInfo D:\wamp\www\whwx\whwx\Common\Controller\WapController.class.php 第 25 行.
ERR: 缺少参数appid和appsecret

[ 2016-09-07T17:51:16+08:00 ] ::1 /whwx/index.php/Wap/Index/index
INFO: [ app_init ] --START--
INFO: Run Behavior\BuildLiteBehavior [ RunTime:0.000000s ]
INFO: [ app_init ] --END-- [ RunTime:0.001000s ]
INFO: [ app_begin ] --START--
INFO: Run Behavior\ReadHtmlCacheBehavior [ RunTime:0.001000s ]
INFO: [ app_begin ] --END-- [ RunTime:0.001000s ]
NOTIC: [8] Undefined index: fid D:\wamp\www\whwx\whwx\Common\Controller\WapController.class.php 第 21 行.
NOTIC: [8] Undefined variable: fansInfo D:\wamp\www\whwx\whwx\Common\Controller\WapController.class.php 第 25 行.
ERR: 缺少参数appid和appsecret

[ 2016-09-07T17:51:16+08:00 ] ::1 /whwx/index.php/Wap/Index/index
INFO: [ app_init ] --START--
INFO: Run Behavior\BuildLiteBehavior [ RunTime:0.000000s ]
INFO: [ app_init ] --END-- [ RunTime:0.001000s ]
INFO: [ app_begin ] --START--
INFO: Run Behavior\ReadHtmlCacheBehavior [ RunTime:0.001000s ]
INFO: [ app_begin ] --END-- [ RunTime:0.001000s ]
NOTIC: [8] Undefined index: fid D:\wamp\www\whwx\whwx\Common\Controller\WapController.class.php 第 21 行.
NOTIC: [8] Undefined variable: fansInfo D:\wamp\www\whwx\whwx\Common\Controller\WapController.class.php 第 25 行.
ERR: 缺少参数appid和appsecret

[ 2016-09-07T17:51:28+08:00 ] ::1 /whwx/index.php/Wap/Index/index
INFO: [ app_init ] --START--
INFO: Run Behavior\BuildLiteBehavior [ RunTime:0.000000s ]
INFO: [ app_init ] --END-- [ RunTime:0.000000s ]
INFO: [ app_begin ] --START--
INFO: Run Behavior\ReadHtmlCacheBehavior [ RunTime:0.001000s ]
INFO: [ app_begin ] --END-- [ RunTime:0.001000s ]
NOTIC: [8] Undefined index: fid D:\wamp\www\whwx\whwx\Common\Controller\WapController.class.php 第 21 行.
NOTIC: [8] Undefined variable: fansInfo D:\wamp\www\whwx\whwx\Common\Controller\WapController.class.php 第 25 行.
ERR: 缺少参数appid和appsecret

[ 2016-09-07T17:51:29+08:00 ] ::1 /whwx/index.php/Wap/Index/index
INFO: [ app_init ] --START--
INFO: Run Behavior\BuildLiteBehavior [ RunTime:0.000000s ]
INFO: [ app_init ] --END-- [ RunTime:0.001000s ]
INFO: [ app_begin ] --START--
INFO: Run Behavior\ReadHtmlCacheBehavior [ RunTime:0.001000s ]
INFO: [ app_begin ] --END-- [ RunTime:0.001000s ]
NOTIC: [8] Undefined index: fid D:\wamp\www\whwx\whwx\Common\Controller\WapController.class.php 第 21 行.
NOTIC: [8] Undefined variable: fansInfo D:\wamp\www\whwx\whwx\Common\Controller\WapController.class.php 第 25 行.
ERR: 缺少参数appid和appsecret

[ 2016-09-07T17:51:29+08:00 ] ::1 /whwx/index.php/Wap/Index/index
INFO: [ app_init ] --START--
INFO: Run Behavior\BuildLiteBehavior [ RunTime:0.000000s ]
INFO: [ app_init ] --END-- [ RunTime:0.001000s ]
INFO: [ app_begin ] --START--
INFO: Run Behavior\ReadHtmlCacheBehavior [ RunTime:0.001000s ]
INFO: [ app_begin ] --END-- [ RunTime:0.001000s ]
NOTIC: [8] Undefined index: fid D:\wamp\www\whwx\whwx\Common\Controller\WapController.class.php 第 21 行.
NOTIC: [8] Undefined variable: fansInfo D:\wamp\www\whwx\whwx\Common\Controller\WapController.class.php 第 25 行.
ERR: 缺少参数appid和appsecret

[ 2016-09-07T17:51:29+08:00 ] ::1 /whwx/index.php/Wap/Index/index
INFO: [ app_init ] --START--
INFO: Run Behavior\BuildLiteBehavior [ RunTime:0.000000s ]
INFO: [ app_init ] --END-- [ RunTime:0.001000s ]
INFO: [ app_begin ] --START--
INFO: Run Behavior\ReadHtmlCacheBehavior [ RunTime:0.000000s ]
INFO: [ app_begin ] --END-- [ RunTime:0.001000s ]
NOTIC: [8] Undefined index: fid D:\wamp\www\whwx\whwx\Common\Controller\WapController.class.php 第 21 行.
NOTIC: [8] Undefined variable: fansInfo D:\wamp\www\whwx\whwx\Common\Controller\WapController.class.php 第 25 行.
ERR: 缺少参数appid和appsecret

[ 2016-09-07T17:51:29+08:00 ] ::1 /whwx/index.php/Wap/Index/index
INFO: [ app_init ] --START--
INFO: Run Behavior\BuildLiteBehavior [ RunTime:0.000000s ]
INFO: [ app_init ] --END-- [ RunTime:0.000000s ]
INFO: [ app_begin ] --START--
INFO: Run Behavior\ReadHtmlCacheBehavior [ RunTime:0.000000s ]
INFO: [ app_begin ] --END-- [ RunTime:0.000000s ]
NOTIC: [8] Undefined index: fid D:\wamp\www\whwx\whwx\Common\Controller\WapController.class.php 第 21 行.
NOTIC: [8] Undefined variable: fansInfo D:\wamp\www\whwx\whwx\Common\Controller\WapController.class.php 第 25 行.
ERR: 缺少参数appid和appsecret

[ 2016-09-07T17:51:29+08:00 ] ::1 /whwx/index.php/Wap/Index/index
INFO: [ app_init ] --START--
INFO: Run Behavior\BuildLiteBehavior [ RunTime:0.000000s ]
INFO: [ app_init ] --END-- [ RunTime:0.002000s ]
INFO: [ app_begin ] --START--
INFO: Run Behavior\ReadHtmlCacheBehavior [ RunTime:0.001000s ]
INFO: [ app_begin ] --END-- [ RunTime:0.001000s ]
NOTIC: [8] Undefined index: fid D:\wamp\www\whwx\whwx\Common\Controller\WapController.class.php 第 21 行.
NOTIC: [8] Undefined variable: fansInfo D:\wamp\www\whwx\whwx\Common\Controller\WapController.class.php 第 25 行.
ERR: 缺少参数appid和appsecret

[ 2016-09-07T17:51:33+08:00 ] ::1 /whwx/index.php/Wap/Index/index
INFO: [ app_init ] --START--
INFO: Run Behavior\BuildLiteBehavior [ RunTime:0.000000s ]
INFO: [ app_init ] --END-- [ RunTime:0.002000s ]
INFO: [ app_begin ] --START--
INFO: Run Behavior\ReadHtmlCacheBehavior [ RunTime:0.001000s ]
INFO: [ app_begin ] --END-- [ RunTime:0.001000s ]
NOTIC: [8] Undefined index: fid D:\wamp\www\whwx\whwx\Common\Controller\WapController.class.php 第 21 行.
NOTIC: [8] Undefined variable: fansInfo D:\wamp\www\whwx\whwx\Common\Controller\WapController.class.php 第 25 行.
ERR: 缺少参数appid和appsecret

[ 2016-09-07T17:51:34+08:00 ] ::1 /whwx/index.php/Wap/Index/index
INFO: [ app_init ] --START--
INFO: Run Behavior\BuildLiteBehavior [ RunTime:0.000000s ]
INFO: [ app_init ] --END-- [ RunTime:0.001000s ]
INFO: [ app_begin ] --START--
INFO: Run Behavior\ReadHtmlCacheBehavior [ RunTime:0.001001s ]
INFO: [ app_begin ] --END-- [ RunTime:0.001001s ]
NOTIC: [8] Undefined index: fid D:\wamp\www\whwx\whwx\Common\Controller\WapController.class.php 第 21 行.
NOTIC: [8] Undefined variable: fansInfo D:\wamp\www\whwx\whwx\Common\Controller\WapController.class.php 第 25 行.
ERR: 缺少参数appid和appsecret

[ 2016-09-07T17:51:34+08:00 ] ::1 /whwx/index.php/Wap/Index/index
INFO: [ app_init ] --START--
INFO: Run Behavior\BuildLiteBehavior [ RunTime:0.000000s ]
INFO: [ app_init ] --END-- [ RunTime:0.002001s ]
INFO: [ app_begin ] --START--
INFO: Run Behavior\ReadHtmlCacheBehavior [ RunTime:0.000000s ]
INFO: [ app_begin ] --END-- [ RunTime:0.001000s ]
NOTIC: [8] Undefined index: fid D:\wamp\www\whwx\whwx\Common\Controller\WapController.class.php 第 21 行.
NOTIC: [8] Undefined variable: fansInfo D:\wamp\www\whwx\whwx\Common\Controller\WapController.class.php 第 25 行.
ERR: 缺少参数appid和appsecret

[ 2016-09-07T17:51:34+08:00 ] ::1 /whwx/index.php/Wap/Index/index
INFO: [ app_init ] --START--
INFO: Run Behavior\BuildLiteBehavior [ RunTime:0.000000s ]
INFO: [ app_init ] --END-- [ RunTime:0.000000s ]
INFO: [ app_begin ] --START--
INFO: Run Behavior\ReadHtmlCacheBehavior [ RunTime:0.000000s ]
INFO: [ app_begin ] --END-- [ RunTime:0.000000s ]
NOTIC: [8] Undefined index: fid D:\wamp\www\whwx\whwx\Common\Controller\WapController.class.php 第 21 行.
NOTIC: [8] Undefined variable: fansInfo D:\wamp\www\whwx\whwx\Common\Controller\WapController.class.php 第 25 行.
ERR: 缺少参数appid和appsecret

[ 2016-09-07T17:51:34+08:00 ] ::1 /whwx/index.php/Wap/Index/index
INFO: [ app_init ] --START--
INFO: Run Behavior\BuildLiteBehavior [ RunTime:0.000000s ]
INFO: [ app_init ] --END-- [ RunTime:0.001000s ]
INFO: [ app_begin ] --START--
INFO: Run Behavior\ReadHtmlCacheBehavior [ RunTime:0.001000s ]
INFO: [ app_begin ] --END-- [ RunTime:0.002000s ]
NOTIC: [8] Undefined index: fid D:\wamp\www\whwx\whwx\Common\Controller\WapController.class.php 第 21 行.
NOTIC: [8] Undefined variable: fansInfo D:\wamp\www\whwx\whwx\Common\Controller\WapController.class.php 第 25 行.
ERR: 缺少参数appid和appsecret

[ 2016-09-07T17:51:34+08:00 ] ::1 /whwx/index.php/Wap/Index/index
INFO: [ app_init ] --START--
INFO: Run Behavior\BuildLiteBehavior [ RunTime:0.000000s ]
INFO: [ app_init ] --END-- [ RunTime:0.001000s ]
INFO: [ app_begin ] --START--
INFO: Run Behavior\ReadHtmlCacheBehavior [ RunTime:0.001000s ]
INFO: [ app_begin ] --END-- [ RunTime:0.001000s ]
NOTIC: [8] Undefined index: fid D:\wamp\www\whwx\whwx\Common\Controller\WapController.class.php 第 21 行.
NOTIC: [8] Undefined variable: fansInfo D:\wamp\www\whwx\whwx\Common\Controller\WapController.class.php 第 25 行.
ERR: 缺少参数appid和appsecret

[ 2016-09-07T17:51:34+08:00 ] ::1 /whwx/index.php/Wap/Index/index
INFO: [ app_init ] --START--
INFO: Run Behavior\BuildLiteBehavior [ RunTime:0.000000s ]
INFO: [ app_init ] --END-- [ RunTime:0.001000s ]
INFO: [ app_begin ] --START--
INFO: Run Behavior\ReadHtmlCacheBehavior [ RunTime:0.001000s ]
INFO: [ app_begin ] --END-- [ RunTime:0.001000s ]
NOTIC: [8] Undefined index: fid D:\wamp\www\whwx\whwx\Common\Controller\WapController.class.php 第 21 行.
NOTIC: [8] Undefined variable: fansInfo D:\wamp\www\whwx\whwx\Common\Controller\WapController.class.php 第 25 行.
ERR: 缺少参数appid和appsecret

[ 2016-09-07T17:51:41+08:00 ] ::1 /whwx/index.php/Wap/Index/index
INFO: [ app_init ] --START--
INFO: Run Behavior\BuildLiteBehavior [ RunTime:0.000000s ]
INFO: [ app_init ] --END-- [ RunTime:0.001001s ]
INFO: [ app_begin ] --START--
INFO: Run Behavior\ReadHtmlCacheBehavior [ RunTime:0.000000s ]
INFO: [ app_begin ] --END-- [ RunTime:0.000000s ]
NOTIC: [8] Undefined index: fid D:\wamp\www\whwx\whwx\Common\Controller\WapController.class.php 第 21 行.
NOTIC: [8] Undefined variable: fansInfo D:\wamp\www\whwx\whwx\Common\Controller\WapController.class.php 第 25 行.

[ 2016-09-07T17:51:42+08:00 ] ::1 /whwx/index.php/Wap/Index/index
INFO: [ app_init ] --START--
INFO: Run Behavior\BuildLiteBehavior [ RunTime:0.000000s ]
INFO: [ app_init ] --END-- [ RunTime:0.002000s ]
INFO: [ app_begin ] --START--
INFO: Run Behavior\ReadHtmlCacheBehavior [ RunTime:0.000000s ]
INFO: [ app_begin ] --END-- [ RunTime:0.000000s ]
NOTIC: [8] Undefined index: fid D:\wamp\www\whwx\whwx\Common\Controller\WapController.class.php 第 21 行.
NOTIC: [8] Undefined variable: fansInfo D:\wamp\www\whwx\whwx\Common\Controller\WapController.class.php 第 25 行.

[ 2016-09-07T17:51:42+08:00 ] ::1 /whwx/index.php/Wap/Index/index
INFO: [ app_init ] --START--
INFO: Run Behavior\BuildLiteBehavior [ RunTime:0.000000s ]
INFO: [ app_init ] --END-- [ RunTime:0.000000s ]
INFO: [ app_begin ] --START--
INFO: Run Behavior\ReadHtmlCacheBehavior [ RunTime:0.001000s ]
INFO: [ app_begin ] --END-- [ RunTime:0.001000s ]
NOTIC: [8] Undefined index: fid D:\wamp\www\whwx\whwx\Common\Controller\WapController.class.php 第 21 行.
NOTIC: [8] Undefined variable: fansInfo D:\wamp\www\whwx\whwx\Common\Controller\WapController.class.php 第 25 行.

[ 2016-09-07T17:52:00+08:00 ] ::1 /whwx/index.php/Wap/Index/index
INFO: [ app_init ] --START--
INFO: Run Behavior\BuildLiteBehavior [ RunTime:0.000000s ]
INFO: [ app_init ] --END-- [ RunTime:0.001001s ]
INFO: [ app_begin ] --START--
INFO: Run Behavior\ReadHtmlCacheBehavior [ RunTime:0.000000s ]
INFO: [ app_begin ] --END-- [ RunTime:0.000000s ]
NOTIC: [8] Undefined index: fid D:\wamp\www\whwx\whwx\Common\Controller\WapController.class.php 第 21 行.
NOTIC: [8] Undefined variable: fansInfo D:\wamp\www\whwx\whwx\Common\Controller\WapController.class.php 第 25 行.

[ 2016-09-07T17:52:21+08:00 ] ::1 /whwx/index.php/Wap/Index/index
INFO: [ app_init ] --START--
INFO: Run Behavior\BuildLiteBehavior [ RunTime:0.001000s ]
INFO: [ app_init ] --END-- [ RunTime:0.001000s ]
INFO: [ app_begin ] --START--
INFO: Run Behavior\ReadHtmlCacheBehavior [ RunTime:0.001000s ]
INFO: [ app_begin ] --END-- [ RunTime:0.001000s ]
NOTIC: [8] Undefined index: fid D:\wamp\www\whwx\whwx\Common\Controller\WapController.class.php 第 21 行.
NOTIC: [8] Undefined variable: fansInfo D:\wamp\www\whwx\whwx\Common\Controller\WapController.class.php 第 25 行.

[ 2016-09-07T17:52:21+08:00 ] ::1 /whwx/index.php/Wap/Index/index
INFO: [ app_init ] --START--
INFO: Run Behavior\BuildLiteBehavior [ RunTime:0.000000s ]
INFO: [ app_init ] --END-- [ RunTime:0.001000s ]
INFO: [ app_begin ] --START--
INFO: Run Behavior\ReadHtmlCacheBehavior [ RunTime:0.001000s ]
INFO: [ app_begin ] --END-- [ RunTime:0.002000s ]
NOTIC: [8] Undefined index: fid D:\wamp\www\whwx\whwx\Common\Controller\WapController.class.php 第 21 行.
NOTIC: [8] Undefined variable: fansInfo D:\wamp\www\whwx\whwx\Common\Controller\WapController.class.php 第 25 行.

[ 2016-09-07T17:52:22+08:00 ] ::1 /whwx/index.php/Wap/Index/index
INFO: [ app_init ] --START--
INFO: Run Behavior\BuildLiteBehavior [ RunTime:0.001000s ]
INFO: [ app_init ] --END-- [ RunTime:0.001000s ]
INFO: [ app_begin ] --START--
INFO: Run Behavior\ReadHtmlCacheBehavior [ RunTime:0.001000s ]
INFO: [ app_begin ] --END-- [ RunTime:0.001000s ]
NOTIC: [8] Undefined index: fid D:\wamp\www\whwx\whwx\Common\Controller\WapController.class.php 第 21 行.
NOTIC: [8] Undefined variable: fansInfo D:\wamp\www\whwx\whwx\Common\Controller\WapController.class.php 第 25 行.

[ 2016-09-07T17:52:22+08:00 ] ::1 /whwx/index.php/Wap/Index/index
INFO: [ app_init ] --START--
INFO: Run Behavior\BuildLiteBehavior [ RunTime:0.000000s ]
INFO: [ app_init ] --END-- [ RunTime:0.001000s ]
INFO: [ app_begin ] --START--
INFO: Run Behavior\ReadHtmlCacheBehavior [ RunTime:0.001000s ]
INFO: [ app_begin ] --END-- [ RunTime:0.001000s ]
NOTIC: [8] Undefined index: fid D:\wamp\www\whwx\whwx\Common\Controller\WapController.class.php 第 21 行.
NOTIC: [8] Undefined variable: fansInfo D:\wamp\www\whwx\whwx\Common\Controller\WapController.class.php 第 25 行.

[ 2016-09-07T17:52:30+08:00 ] ::1 /whwx/index.php/Wap/Index/index
INFO: [ app_init ] --START--
INFO: Run Behavior\BuildLiteBehavior [ RunTime:0.000000s ]
INFO: [ app_init ] --END-- [ RunTime:0.000000s ]
INFO: [ app_begin ] --START--
INFO: Run Behavior\ReadHtmlCacheBehavior [ RunTime:0.001000s ]
INFO: [ app_begin ] --END-- [ RunTime:0.001000s ]
NOTIC: [8] Undefined index: fid D:\wamp\www\whwx\whwx\Common\Controller\WapController.class.php 第 21 行.
NOTIC: [8] Undefined variable: fansInfo D:\wamp\www\whwx\whwx\Common\Controller\WapController.class.php 第 25 行.

[ 2016-09-07T17:52:57+08:00 ] ::1 /whwx/index.php/Wap/Index/index
INFO: [ app_init ] --START--
INFO: Run Behavior\BuildLiteBehavior [ RunTime:0.000000s ]
INFO: [ app_init ] --END-- [ RunTime:0.001000s ]
INFO: [ app_begin ] --START--
INFO: Run Behavior\ReadHtmlCacheBehavior [ RunTime:0.000000s ]
INFO: [ app_begin ] --END-- [ RunTime:0.001000s ]
NOTIC: [8] Undefined index: fid D:\wamp\www\whwx\whwx\Common\Controller\WapController.class.php 第 21 行.
NOTIC: [8] Undefined variable: fansInfo D:\wamp\www\whwx\whwx\Common\Controller\WapController.class.php 第 25 行.

[ 2016-09-07T17:53:06+08:00 ] ::1 /whwx/index.php/Wap/Index/index
INFO: [ app_init ] --START--
INFO: Run Behavior\BuildLiteBehavior [ RunTime:0.000000s ]
INFO: [ app_init ] --END-- [ RunTime:0.001000s ]
INFO: [ app_begin ] --START--
INFO: Run Behavior\ReadHtmlCacheBehavior [ RunTime:0.001000s ]
INFO: [ app_begin ] --END-- [ RunTime:0.001000s ]
NOTIC: [8] Undefined index: fid D:\wamp\www\whwx\whwx\Common\Controller\WapController.class.php 第 21 行.
NOTIC: [8] Undefined variable: fansInfo D:\wamp\www\whwx\whwx\Common\Controller\WapController.class.php 第 25 行.

[ 2016-09-07T17:53:07+08:00 ] ::1 /whwx/index.php/Wap/Index/index
INFO: [ app_init ] --START--
INFO: Run Behavior\BuildLiteBehavior [ RunTime:0.001000s ]
INFO: [ app_init ] --END-- [ RunTime:0.001000s ]
INFO: [ app_begin ] --START--
INFO: Run Behavior\ReadHtmlCacheBehavior [ RunTime:0.001000s ]
INFO: [ app_begin ] --END-- [ RunTime:0.001000s ]
NOTIC: [8] Undefined index: fid D:\wamp\www\whwx\whwx\Common\Controller\WapController.class.php 第 21 行.
NOTIC: [8] Undefined variable: fansInfo D:\wamp\www\whwx\whwx\Common\Controller\WapController.class.php 第 25 行.

[ 2016-09-07T17:53:07+08:00 ] ::1 /whwx/index.php/Wap/Index/index
INFO: [ app_init ] --START--
INFO: Run Behavior\BuildLiteBehavior [ RunTime:0.000000s ]
INFO: [ app_init ] --END-- [ RunTime:0.001000s ]
INFO: [ app_begin ] --START--
INFO: Run Behavior\ReadHtmlCacheBehavior [ RunTime:0.001000s ]
INFO: [ app_begin ] --END-- [ RunTime:0.001000s ]
NOTIC: [8] Undefined index: fid D:\wamp\www\whwx\whwx\Common\Controller\WapController.class.php 第 21 行.
NOTIC: [8] Undefined variable: fansInfo D:\wamp\www\whwx\whwx\Common\Controller\WapController.class.php 第 25 行.

[ 2016-09-07T17:53:12+08:00 ] ::1 /whwx/index.php/Wap/Index/index
INFO: [ app_init ] --START--
INFO: Run Behavior\BuildLiteBehavior [ RunTime:0.000000s ]
INFO: [ app_init ] --END-- [ RunTime:0.001000s ]
INFO: [ app_begin ] --START--
INFO: Run Behavior\ReadHtmlCacheBehavior [ RunTime:0.001000s ]
INFO: [ app_begin ] --END-- [ RunTime:0.001000s ]
NOTIC: [8] Undefined index: fid D:\wamp\www\whwx\whwx\Common\Controller\WapController.class.php 第 21 行.
NOTIC: [8] Undefined variable: fansInfo D:\wamp\www\whwx\whwx\Common\Controller\WapController.class.php 第 25 行.
ERR: 缺少参数appid和appsecret

[ 2016-09-07T17:53:14+08:00 ] ::1 /whwx/index.php/Wap/Index/index
INFO: [ app_init ] --START--
INFO: Run Behavior\BuildLiteBehavior [ RunTime:0.000000s ]
INFO: [ app_init ] --END-- [ RunTime:0.002000s ]
INFO: [ app_begin ] --START--
INFO: Run Behavior\ReadHtmlCacheBehavior [ RunTime:0.001000s ]
INFO: [ app_begin ] --END-- [ RunTime:0.001000s ]
NOTIC: [8] Undefined index: fid D:\wamp\www\whwx\whwx\Common\Controller\WapController.class.php 第 21 行.
NOTIC: [8] Undefined variable: fansInfo D:\wamp\www\whwx\whwx\Common\Controller\WapController.class.php 第 25 行.
ERR: 缺少参数appid和appsecret

[ 2016-09-07T17:53:24+08:00 ] ::1 /whwx/index.php/Wap/Index/index
INFO: [ app_init ] --START--
INFO: Run Behavior\BuildLiteBehavior [ RunTime:0.000000s ]
INFO: [ app_init ] --END-- [ RunTime:0.001000s ]
INFO: [ app_begin ] --START--
INFO: Run Behavior\ReadHtmlCacheBehavior [ RunTime:0.001000s ]
INFO: [ app_begin ] --END-- [ RunTime:0.002000s ]
NOTIC: [8] Undefined index: fid D:\wamp\www\whwx\whwx\Common\Controller\WapController.class.php 第 21 行.
NOTIC: [8] Undefined variable: fansInfo D:\wamp\www\whwx\whwx\Common\Controller\WapController.class.php 第 25 行.

